      Step     Time          Energy          fmax
FIRE:    0 13:33:24    -1709.188726        1.192379
FIRE:    1 13:33:24    -1709.257976        0.795572
FIRE:    2 13:33:25    -1709.335900        0.362179
FIRE:    3 13:33:25    -1709.374129        0.662594
FIRE:    4 13:33:25    -1709.403755        0.966016
FIRE:    5 13:33:26    -1709.457206        0.696139
FIRE:    6 13:33:26    -1709.501939        0.297837
FIRE:    7 13:33:26    -1709.516555        0.476311
FIRE:    8 13:33:27    -1709.520958        0.441859
FIRE:    9 13:33:27    -1709.528974        0.374879
FIRE:   10 13:33:27    -1709.538999        0.292500
FIRE:   11 13:33:28    -1709.549389        0.288489
FIRE:   12 13:33:28    -1709.559018        0.287034
FIRE:   13 13:33:29    -1709.567683        0.285982
FIRE:   14 13:33:29    -1709.576212        0.285560
FIRE:   15 13:33:29    -1709.586651        0.298637
FIRE:   16 13:33:29    -1709.600058        0.287176
FIRE:   17 13:33:31    -1709.616169        0.289191
FIRE:   18 13:33:31    -1709.634075        0.291340
FIRE:   19 13:33:32    -1709.654231        0.292393
FIRE:   20 13:33:32    -1709.680418        0.291020
FIRE:   21 13:33:32    -1709.715817        0.286405
FIRE:   22 13:33:33    -1709.759203        0.278840
FIRE:   23 13:33:33    -1709.810227        0.270984
FIRE:   24 13:33:33    -1709.875467        0.266475
FIRE:   25 13:33:33    -1709.955975        0.266033
FIRE:   26 13:33:34    -1710.057997        0.264211
FIRE:   27 13:33:34    -1710.195203        0.272423
FIRE:   28 13:33:34    -1710.351872        0.296413
FIRE:   29 13:33:35    -1710.513516        0.292818
FIRE:   30 13:33:35    -1710.671496        0.237098
FIRE:   31 13:33:35    -1710.815510        0.238058
FIRE:   32 13:33:37    -1710.935442        0.304838
FIRE:   33 13:33:38    -1711.051808        0.530925
FIRE:   34 13:33:38    -1711.209126        0.598754
FIRE:   35 13:33:39    -1711.414126        0.469952
FIRE:   36 13:33:39    -1711.621364        0.258539
FIRE:   37 13:33:39    -1711.805476        0.154369
FIRE:   38 13:33:40    -1711.969031        0.139123
FIRE:   39 13:33:40    -1712.127374        0.235050
FIRE:   40 13:33:40    -1712.296006        0.323487
FIRE:   41 13:33:41    -1712.487742        0.366738
FIRE:   42 13:33:41    -1712.705356        0.353086
FIRE:   43 13:33:45    -1712.942177        0.294198
FIRE:   44 13:33:46    -1713.189057        0.213705
FIRE:   45 13:33:46    -1713.440705        0.204138
FIRE:   46 13:33:46    -1713.697484        0.215005
FIRE:   47 13:33:47    -1713.961886        0.224329
FIRE:   48 13:33:47    -1714.236484        0.231336
FIRE:   49 13:33:48    -1714.523088        0.235008
FIRE:   50 13:33:48    -1714.821576        0.237947
FIRE:   51 13:33:48    -1715.130323        0.240572
FIRE:   52 13:33:49    -1715.446622        0.239333
FIRE:   53 13:33:49    -1715.767033        0.234489
FIRE:   54 13:33:49    -1716.087671        0.247273
FIRE:   55 13:33:50    -1716.404597        0.264322
FIRE:   56 13:33:50    -1716.714614        0.281198
FIRE:   57 13:33:50    -1717.015675        0.297880
FIRE:   58 13:33:51    -1717.307729        0.314489
FIRE:   59 13:33:51    -1717.593506        0.330902
FIRE:   60 13:33:51    -1717.878212        0.347627
FIRE:   61 13:33:52    -1718.168406        0.402468
FIRE:   62 13:33:52    -1718.470512        0.463052
FIRE:   63 13:33:52    -1718.789295        0.528840
FIRE:   64 13:33:56    -1719.126641        0.598803
FIRE:   65 13:33:56    -1719.481740        0.671436
FIRE:   66 13:33:57    -1719.851923        0.744644
FIRE:   67 13:33:57    -1720.233643        0.815560
FIRE:   68 13:33:57    -1720.623565        0.880330
FIRE:   69 13:33:58    -1721.018505        0.933779
FIRE:   70 13:33:58    -1721.415295        0.969124
FIRE:   71 13:34:01    -1721.809865        0.977858
FIRE:   72 13:34:01    -1722.196619        0.949708
FIRE:   73 13:34:02    -1722.567362        0.874606
FIRE:   74 13:34:02    -1722.910459        0.741502
FIRE:   75 13:34:02    -1723.211672        0.552352
FIRE:   76 13:34:02    -1723.455551        0.577993
FIRE:   77 13:34:03    -1723.630559        0.594390
FIRE:   78 13:34:03    -1723.736049        0.761094
FIRE:   79 13:34:04    -1723.787481        1.151662
FIRE:   80 13:34:05    -1724.268914        0.518692
FIRE:   81 13:34:06    -1724.559496        0.428966
FIRE:   82 13:34:06    -1724.768302        0.410601
FIRE:   83 13:34:06    -1724.956172        0.424474
FIRE:   84 13:34:07    -1725.145329        0.421581
FIRE:   85 13:34:07    -1725.344720        0.470789
FIRE:   86 13:34:07    -1725.556833        0.532055
FIRE:   87 13:34:07    -1725.769650        0.431880
FIRE:   88 13:34:08    -1725.961800        0.325255
FIRE:   89 13:34:08    -1726.125246        0.298236
FIRE:   90 13:34:08    -1726.270425        0.280084
FIRE:   91 13:34:09    -1726.411572        0.330798
FIRE:   92 13:34:09    -1726.552449        0.299666
FIRE:   93 13:34:09    -1726.689101        0.265615
FIRE:   94 13:34:10    -1726.824115        0.355782
FIRE:   95 13:34:10    -1726.968721        0.419723
FIRE:   96 13:34:10    -1727.126781        0.366307
FIRE:   97 13:34:11    -1727.288204        0.250977
FIRE:   98 13:34:11    -1727.440928        0.192927
FIRE:   99 13:34:11    -1727.579397        0.190604
FIRE:  100 13:34:12    -1727.703002        0.191856
FIRE:  101 13:34:12    -1727.812573        0.215327
FIRE:  102 13:34:12    -1727.909751        0.232450
FIRE:  103 13:34:12    -1727.998164        0.231451
FIRE:  104 13:34:13    -1728.085399        0.302115
FIRE:  105 13:34:13    -1728.180168        0.338958
FIRE:  106 13:34:13    -1728.284909        0.313777
FIRE:  107 13:34:14    -1728.391428        0.260200
FIRE:  108 13:34:14    -1728.488497        0.197551
FIRE:  109 13:34:14    -1728.572308        0.177422
FIRE:  110 13:34:14    -1728.648162        0.196109
FIRE:  111 13:34:15    -1728.726211        0.212740
FIRE:  112 13:34:15    -1728.815092        0.210710
FIRE:  113 13:34:15    -1728.917351        0.214709
FIRE:  114 13:34:16    -1729.029082        0.217183
FIRE:  115 13:34:16    -1729.141993        0.238567
FIRE:  116 13:34:16    -1729.247200        0.256002
FIRE:  117 13:34:17    -1729.338871        0.262609
FIRE:  118 13:34:17    -1729.416816        0.362997
FIRE:  119 13:34:17    -1729.486090        0.438206
FIRE:  120 13:34:18    -1729.551211        0.411551
FIRE:  121 13:34:18    -1729.612616        0.405910
FIRE:  122 13:34:18    -1729.670852        0.457864
FIRE:  123 13:34:19    -1729.729967        0.412724
FIRE:  124 13:34:19    -1729.794964        0.488639
FIRE:  125 13:34:19    -1729.866900        0.483800
FIRE:  126 13:34:19    -1729.940808        0.378576
FIRE:  127 13:34:20    -1730.008960        0.267360
FIRE:  128 13:34:20    -1730.068017        0.247318
FIRE:  129 13:34:20    -1730.120149        0.248563
FIRE:  130 13:34:21    -1730.168244        0.242399
FIRE:  131 13:34:21    -1730.213234        0.251889
FIRE:  132 13:34:21    -1730.254553        0.266481
FIRE:  133 13:34:22    -1730.291858        0.261279
FIRE:  134 13:34:22    -1730.325874        0.252776
FIRE:  135 13:34:22    -1730.358412        0.248530
FIRE:  136 13:34:22    -1730.391697        0.257182
FIRE:  137 13:34:23    -1730.426964        0.296466
FIRE:  138 13:34:23    -1730.462595        0.287590
FIRE:  139 13:34:23    -1730.495517        0.252042
FIRE:  140 13:34:24    -1730.522856        0.213833
FIRE:  141 13:34:24    -1730.543726        0.203899
FIRE:  142 13:34:24    -1730.558885        0.170949
FIRE:  143 13:34:24    -1730.659109        0.091070
